C51 COMPILER V9.54   XPT2046                                                               11/09/2022 17:56:04 PAGE 1   


C51 COMPILER V9.54, COMPILATION OF MODULE XPT2046
OBJECT MODULE PLACED IN .\Objects\XPT2046.obj
COMPILER INVOKED BY: E:\Keil\C51\BIN\C51.EXE XPT2046.c OPTIMIZE(8,SPEED) BROWSE DEBUG OBJECTEXTEND PRINT(.\Listings\XPT2
                    -046.lst) OBJECT(.\Objects\XPT2046.obj)

line level    source

   1          #include <REGX52.H>
   2          
   3          sbit XPT2046_CS=P3^5;
   4          sbit XPT2046_DCLK=P3^6;
   5          sbit XPT2046_DIN=P3^4;
   6          sbit XPT2046_DOUT=P3^7;
   7          
   8          unsigned int XPT2046_ReadAD(unsigned char Command)
   9          {
  10   1              unsigned char i;
  11   1              unsigned int ADVAlue=0;
  12   1              XPT2046_CS=0;
  13   1              XPT2046_DCLK=0;
  14   1              
  15   1              for(i=0;i<8;i++)
  16   1              {
  17   2                      XPT2046_DIN=Command&(0x80>>i);
  18   2                      XPT2046_DCLK=1;
  19   2                      XPT2046_DCLK=0;
  20   2              }
  21   1              for(i=0;i<16;i++)
  22   1              {
  23   2                      XPT2046_DCLK=1;
  24   2                      XPT2046_DCLK=0;
  25   2                      if(XPT2046_DOUT){ADVAlue|=(0x8000>>i);}
  26   2              }
  27   1              XPT2046_CS=1;
  28   1              if(Command&0x08)
  29   1              {
  30   2                      return ADVAlue>>8;
  31   2              }
  32   1              else
  33   1              {
  34   2                      return ADVAlue>>8;
  35   2              }
  36   1      }


MODULE INFORMATION:   STATIC OVERLAYABLE
   CODE SIZE        =     90    ----
   CONSTANT SIZE    =   ----    ----
   XDATA SIZE       =   ----    ----
   PDATA SIZE       =   ----    ----
   DATA SIZE        =   ----       2
   IDATA SIZE       =   ----    ----
   BIT SIZE         =   ----    ----
END OF MODULE INFORMATION.


C51 COMPILATION COMPLETE.  0 WARNING(S),  0 ERROR(S)
