C51 COMPILER V9.54   MAIN                                                                  11/05/2022 17:57:33 PAGE 1   


C51 COMPILER V9.54, COMPILATION OF MODULE MAIN
OBJECT MODULE PLACED IN .\Objects\main.obj
COMPILER INVOKED BY: E:\Keil\C51\BIN\C51.EXE main.c OPTIMIZE(8,SPEED) BROWSE DEBUG OBJECTEXTEND PRINT(.\Listings\main.ls
                    -t) OBJECT(.\Objects\main.obj)

line level    source

   1          #include <REGX52.H>
   2          #include "DS18B20.H"
   3          #include "LCD1602.H"
   4          #include "Delay.h"
   5          #include "Key.h"
   6          #include "AT24C02.H"
   7          #include "TIMER0.H"
   8          
   9          float T,TShow;
  10          char TLow,THigh;
  11          unsigned char KeyNum;
  12          
  13          void main()
  14          {
  15   1              DS18B20_ConvertT();
  16   1              Delay(1000);
  17   1              THigh=AT24C02_ReadByte(0);
  18   1              TLow=AT24C02_ReadByte(1);
  19   1              if(THigh>125||TLow<-55||THigh<=TLow)
  20   1              {
  21   2                      THigh=20;
  22   2                      TLow=15;
  23   2              }
  24   1              LCD_Init();
  25   1              LCD_ShowString(1,1,"T:");
  26   1              LCD_ShowString(2,1,"TH:");
  27   1              LCD_ShowString(2,9,"TL:");
  28   1              LCD_ShowSignedNum(2,4,THigh,3);
  29   1              LCD_ShowSignedNum(2,12,TLow,3);
  30   1              Timer0_Init();
  31   1              while(1)
  32   1              {
  33   2                      KeyNum=Key();
  34   2                      
  35   2                      /*温度读取及显示*/
  36   2                      DS18B20_ConvertT();
  37   2                      T=DS18B20_ReadT();
  38   2                      if(T<0)
  39   2                      {
  40   3                              LCD_ShowChar(1,3,'-');
  41   3                              TShow=-T;
  42   3                      }
  43   2                      else
  44   2                      {
  45   3                              LCD_ShowChar(1,3,'+');
  46   3                              TShow=T;
  47   3                      }
  48   2                      LCD_ShowNum(1,4,TShow,3);
  49   2                      LCD_ShowChar(1,7,'.');
  50   2                      LCD_ShowNum(1,8,(unsigned long)(TShow*100)%100,2);
  51   2                      
  52   2                      /*阈值判断及显示*/
  53   2                      if(KeyNum)
  54   2                      {
C51 COMPILER V9.54   MAIN                                                                  11/05/2022 17:57:33 PAGE 2   

  55   3                                      if(KeyNum==1)
  56   3                              {
  57   4                                      THigh++;
  58   4                                      if(THigh>125){THigh=125;}
  59   4                              }
  60   3                                      if(KeyNum==2)
  61   3                              {
  62   4                                      THigh--;
  63   4                                      if(THigh<=TLow){THigh++;}
  64   4                              }
  65   3                              if(KeyNum==3)
  66   3                              {
  67   4                                      TLow++;
  68   4                                      if(TLow>=THigh){TLow--;}
  69   4                              }
  70   3                              if(KeyNum==4)
  71   3                              {
  72   4                                      TLow--;
  73   4                                      if(TLow<-55){TLow=-55;}
  74   4                              }       
  75   3                      }
  76   2              
  77   2                      LCD_ShowSignedNum(2,4,THigh,3);
  78   2                      LCD_ShowSignedNum(2,12,TLow,3);
  79   2                      AT24C02_WriteByte(0,THigh);
  80   2                      Delay(5);
  81   2                      AT24C02_WriteByte(1,TLow);
  82   2                      if(T>THigh)
  83   2                      {
  84   3                              LCD_ShowString(1,13,"OV:H");
  85   3                      }
  86   2                      else if(T<TLow)
  87   2                      {
  88   3                              LCD_ShowString(1,13,"OV:L");
  89   3                      }
  90   2                      else
  91   2                      {
  92   3                              LCD_ShowString(1,13,"    ");
  93   3                      }
  94   2              }
  95   1      
  96   1      }
  97          
  98          void Timer0_Routine()   interrupt 1
  99          {
 100   1              static unsigned int T0Count;
 101   1              TL0 = 0x66;             //设置定时初始值
 102   1              TH0 = 0xFC;             //设置定时初始值
 103   1              T0Count++;
 104   1              if(T0Count>=20)
 105   1              {
 106   2                      T0Count=0;
 107   2                      Key_Loop();
 108   2              }
 109   1      }


MODULE INFORMATION:   STATIC OVERLAYABLE
   CODE SIZE        =    619    ----
   CONSTANT SIZE    =     26    ----
   XDATA SIZE       =   ----    ----
   PDATA SIZE       =   ----    ----
C51 COMPILER V9.54   MAIN                                                                  11/05/2022 17:57:33 PAGE 3   

   DATA SIZE        =     13    ----
   IDATA SIZE       =   ----    ----
   BIT SIZE         =   ----    ----
END OF MODULE INFORMATION.


C51 COMPILATION COMPLETE.  0 WARNING(S),  0 ERROR(S)
