C51 COMPILER V9.54   MAIN                                                                  11/02/2022 21:14:16 PAGE 1   


C51 COMPILER V9.54, COMPILATION OF MODULE MAIN
OBJECT MODULE PLACED IN .\Objects\main.obj
COMPILER INVOKED BY: E:\Keil\C51\BIN\C51.EXE main.c OPTIMIZE(8,SPEED) BROWSE DEBUG OBJECTEXTEND PRINT(.\Listings\main.ls
                    -t) OBJECT(.\Objects\main.obj)

line level    source

   1          #include <REGX52.H>
   2          #include "Delay.h"
   3          #include "KEY.H"
   4          #include "Nixie.h"
   5          #include "BUZZER.H"
   6          
   7          
   8          
   9          unsigned char KeyNum;
  10          unsigned int i;
  11          
  12          void main()
  13          {
  14   1              while(1)
  15   1              {
  16   2                      KeyNum=Key();
  17   2                      if(KeyNum)
  18   2                      {
  19   3                              Buzzer_Time(100);
  20   3                                      Nixie(1,KeyNum);
  21   3                      }
  22   2                      
  23   2              }
  24   1      }


MODULE INFORMATION:   STATIC OVERLAYABLE
   CODE SIZE        =     28    ----
   CONSTANT SIZE    =   ----    ----
   XDATA SIZE       =   ----    ----
   PDATA SIZE       =   ----    ----
   DATA SIZE        =      3    ----
   IDATA SIZE       =   ----    ----
   BIT SIZE         =   ----    ----
END OF MODULE INFORMATION.


C51 COMPILATION COMPLETE.  0 WARNING(S),  0 ERROR(S)
