C51 COMPILER V9.54   MAIN                                                                  11/09/2022 18:01:47 PAGE 1   


C51 COMPILER V9.54, COMPILATION OF MODULE MAIN
OBJECT MODULE PLACED IN .\Objects\main.obj
COMPILER INVOKED BY: E:\Keil\C51\BIN\C51.EXE main.c OPTIMIZE(8,SPEED) BROWSE DEBUG OBJECTEXTEND PRINT(.\Listings\main.ls
                    -t) OBJECT(.\Objects\main.obj)

line level    source

   1          #include <REGX52.H>
   2          #include "Nixie.h"
   3          #include "Timer0.h"
   4          #include "Key.h"
   5          #include "Delay.h"
   6          
   7          sbit DA=P2^1;
   8          
   9          unsigned char Counter,Compare;
  10          unsigned char i;
  11          
  12          void main()
  13          {
  14   1              Timer0_Init();
*** WARNING C206 IN LINE 14 OF main.c: 'Timer0_Init': missing function-prototype
  15   1              
  16   1              while(1)
  17   1              {
  18   2                      for(i=0;i<100;i++)
  19   2                      {
  20   3                              Compare=i;
  21   3                              Delay(10);
  22   3                      }
  23   2                      for(i=100;i>0;i--)
  24   2                      {
  25   3                              Compare=i;
  26   3                      }
  27   2              }
  28   1      
  29   1      }
  30          
  31          void Timer0_Routine()   interrupt 1
  32          {
  33   1              static unsigned int T0Count;
  34   1              TL0 = 0x9C;             //设置定时初值
  35   1              TH0 = 0xFF;             //设置定时初值
  36   1              Counter++;
  37   1              Counter%=100;
  38   1              if(Counter<Compare)
  39   1              {
  40   2                      DA=1;
  41   2              }
  42   1              else
  43   1              {
  44   2                      DA=0;
  45   2              }
  46   1      }
*** WARNING C280 IN LINE 33 OF main.c: 'T0Count': unreferenced local variable
  47          


MODULE INFORMATION:   STATIC OVERLAYABLE
   CODE SIZE        =     85    ----
   CONSTANT SIZE    =   ----    ----
C51 COMPILER V9.54   MAIN                                                                  11/09/2022 18:01:47 PAGE 2   

   XDATA SIZE       =   ----    ----
   PDATA SIZE       =   ----    ----
   DATA SIZE        =      5    ----
   IDATA SIZE       =   ----    ----
   BIT SIZE         =   ----    ----
END OF MODULE INFORMATION.


C51 COMPILATION COMPLETE.  2 WARNING(S),  0 ERROR(S)
