C51 COMPILER V9.54   MAIN                                                                  11/08/2022 13:55:11 PAGE 1   


C51 COMPILER V9.54, COMPILATION OF MODULE MAIN
OBJECT MODULE PLACED IN .\Objects\main.obj
COMPILER INVOKED BY: E:\Keil\C51\BIN\C51.EXE main.c OPTIMIZE(8,SPEED) BROWSE DEBUG OBJECTEXTEND PRINT(.\Listings\main.ls
                    -t) OBJECT(.\Objects\main.obj)

line level    source

   1          #include <REGX52.H>
   2          #include "LCD1602.h"
   3          #include "Delay.h"
   4          
   5          
   6          void main()
   7          {
   8   1              LCD_Init();
   9   1              LCD_ShowChar(1,1,0x41);
  10   1              LCD_ShowString(1,3,"Hello");
  11   1              LCD_ShowNum(1,9,66,2);
  12   1              LCD_ShowSignedNum(1,12,-88,2);
  13   1              LCD_ShowHexNum(2,1,0xA5,2);
  14   1              LCD_ShowBinNum(2,4,0xA5,8);
  15   1              LCD_ShowChar(2,13,0xDF);        //显示温度符号
  16   1              LCD_ShowChar(2,14,'C');
  17   1              LCD_ShowString(1,16,"HELLO WORLD");
  18   1              while(1)
  19   1              {
  20   2                      LCD_WriteCommand(0x18);
  21   2                      Delay(500);
  22   2              }
  23   1      }


MODULE INFORMATION:   STATIC OVERLAYABLE
   CODE SIZE        =    126    ----
   CONSTANT SIZE    =     18    ----
   XDATA SIZE       =   ----    ----
   PDATA SIZE       =   ----    ----
   DATA SIZE        =   ----    ----
   IDATA SIZE       =   ----    ----
   BIT SIZE         =   ----    ----
END OF MODULE INFORMATION.


C51 COMPILATION COMPLETE.  0 WARNING(S),  0 ERROR(S)
