C51 COMPILER V9.54   MAIN                                                                  11/08/2022 18:16:50 PAGE 1   


C51 COMPILER V9.54, COMPILATION OF MODULE MAIN
OBJECT MODULE PLACED IN .\Objects\main.obj
COMPILER INVOKED BY: E:\Keil\C51\BIN\C51.EXE main.c OPTIMIZE(8,SPEED) BROWSE DEBUG OBJECTEXTEND PRINT(.\Listings\main.ls
                    -t) OBJECT(.\Objects\main.obj)

line level    source

   1          #include <REGX52.H>
   2          #include "Nixie.h"
   3          #include "Timer0.h"
   4          #include "Key.h"
   5          
   6          sbit Motor=P1^0;
   7          
   8          unsigned char Counter,Compare;
   9          unsigned char KeyNum,Speed;
  10          
  11          void main()
  12          {
  13   1              Timer0_Init();
*** WARNING C206 IN LINE 13 OF main.c: 'Timer0_Init': missing function-prototype
  14   1              Compare=5;
  15   1              while(1)
  16   1              {
  17   2                      KeyNum=Key();
  18   2                      if(KeyNum==1)
  19   2                      {
  20   3                              Speed++;
  21   3                              Speed%=4;
  22   3                              if(Speed==0){Compare=0;}
  23   3                              if(Speed==1){Compare=50;}
  24   3                              if(Speed==2){Compare=75;}
  25   3                              if(Speed==3){Compare=100;}
  26   3                      }       
  27   2                      Nixie(1,Speed);
  28   2              }
  29   1      
  30   1      }
  31          
  32          void Timer0_Routine()   interrupt 1
  33          {
  34   1              static unsigned int T0Count;
  35   1              TL0 = 0x9C;             //设置定时初值
  36   1              TH0 = 0xFF;             //设置定时初值
  37   1              Counter++;
  38   1              Counter%=100;
  39   1              if(Counter<Compare)
  40   1              {
  41   2                      Motor=1;
  42   2              }
  43   1              else
  44   1              {
  45   2                      Motor=0;
  46   2              }
  47   1      }
*** WARNING C280 IN LINE 34 OF main.c: 'T0Count': unreferenced local variable
  48          


MODULE INFORMATION:   STATIC OVERLAYABLE
   CODE SIZE        =    107    ----
C51 COMPILER V9.54   MAIN                                                                  11/08/2022 18:16:50 PAGE 2   

   CONSTANT SIZE    =   ----    ----
   XDATA SIZE       =   ----    ----
   PDATA SIZE       =   ----    ----
   DATA SIZE        =      6    ----
   IDATA SIZE       =   ----    ----
   BIT SIZE         =   ----    ----
END OF MODULE INFORMATION.


C51 COMPILATION COMPLETE.  2 WARNING(S),  0 ERROR(S)
