C51 COMPILER V9.54   TIMER0                                                                11/08/2022 18:10:48 PAGE 1   


C51 COMPILER V9.54, COMPILATION OF MODULE TIMER0
OBJECT MODULE PLACED IN .\Objects\Timer0.obj
COMPILER INVOKED BY: E:\Keil\C51\BIN\C51.EXE ..\10-2 DS1302¿Éµ÷Ê±ÖÓ\Timer0.c OPTIMIZE(8,SPEED) BROWSE DEBUG OBJECTEXTEND
                    - PRINT(.\Listings\Timer0.lst) OBJECT(.\Objects\Timer0.obj)

line level    source

   1          #include <REGX52.H>
   2          
   3          
   4          /**
   5            * @brief  å®šæ—¶å™¨0åˆå§‹åŒ–ï¼Œ//1æ¯«ç§’@11.0592MHz
   6            * @param  æ— 
   7            * @retval æ— 
   8            */
   9          void Timer0_Init(void)          
  10          {
  11   1      
  12   1              TMOD &= 0xF0;           //è®¾ç½®å®šæ—¶å™¨æ¨¡å¼
  13   1              TMOD |= 0x01;           //è®¾ç½®å®šæ—¶å™¨æ¨¡å¼
  14   1              TL0 = 0x9C;             //è®¾ç½®å®šæ—¶åˆå€¼
  15   1              TH0 = 0xFF;             //è®¾ç½®å®šæ—¶åˆå€¼
  16   1              TF0 = 0;                //æ¸…é™¤TF0æ ‡å¿—
  17   1              TR0 = 1;                //å®šæ—¶å™¨0å¼€å§‹è®¡æ—¶
  18   1              ET0=1;
  19   1              EA=1;
  20   1              PT0=0;
  21   1      }
  22          /*å®šæ—¶å™¨ä¸­æ–­å‡½æ•°æ¨¡æ¿
  23          void Timer0_Routine()   interrupt 1
  24          {
  25                  static unsigned int T0Count;
  26                  TL0 = 0x9C;             //è®¾ç½®å®šæ—¶åˆå€¼
  27                  TH0 = 0xFF;             //è®¾ç½®å®šæ—¶åˆå€¼
  28                  T0Count++;
  29                  if(T0Count>=1000)
  30                  {
  31                          T0Count=0;
  32                  }
  33          }
  34          */


MODULE INFORMATION:   STATIC OVERLAYABLE
   CODE SIZE        =     23    ----
   CONSTANT SIZE    =   ----    ----
   XDATA SIZE       =   ----    ----
   PDATA SIZE       =   ----    ----
   DATA SIZE        =   ----    ----
   IDATA SIZE       =   ----    ----
   BIT SIZE         =   ----    ----
END OF MODULE INFORMATION.


C51 COMPILATION COMPLETE.  0 WARNING(S),  0 ERROR(S)
