C51 COMPILER V9.54   MAIN                                                                  11/05/2022 17:07:13 PAGE 1   


C51 COMPILER V9.54, COMPILATION OF MODULE MAIN
OBJECT MODULE PLACED IN .\Objects\main.obj
COMPILER INVOKED BY: E:\Keil\C51\BIN\C51.EXE main.c OPTIMIZE(8,SPEED) BROWSE DEBUG OBJECTEXTEND PRINT(.\Listings\main.ls
                    -t) OBJECT(.\Objects\main.obj)

line level    source

   1          #include <REGX52.H>
   2          #include "LCD1602.H"
   3          #include "DS18B20.H"
   4          #include "Delay.h"
   5          
   6          
   7          float T;
   8          
   9          void main()
  10          {
  11   1              DS18B20_ConvertT();
  12   1              Delay(1000);
  13   1              LCD_Init();
  14   1              LCD_ShowString(1,1,"Temperature:");
  15   1      
  16   1              while(1)
  17   1              {
  18   2                      DS18B20_ConvertT();
  19   2                      T=DS18B20_ReadT();
  20   2                              
  21   2                      if(T<0)
  22   2                      {
  23   3                              LCD_ShowChar(2,1,'-');
  24   3                              T=-T;
  25   3                      }
  26   2                      else
  27   2                      {
  28   3                              LCD_ShowChar(2,1,'+');
  29   3                      }
  30   2                      LCD_ShowNum(2,2,T,3);
  31   2                      LCD_ShowChar(2,5,'.');
  32   2                      LCD_ShowNum(2,6,(unsigned long)(T*10000)%10000,4);
  33   2                      
  34   2              }
  35   1              
  36   1      }
  37          
  38          
  39                  


MODULE INFORMATION:   STATIC OVERLAYABLE
   CODE SIZE        =    176    ----
   CONSTANT SIZE    =     13    ----
   XDATA SIZE       =   ----    ----
   PDATA SIZE       =   ----    ----
   DATA SIZE        =      4    ----
   IDATA SIZE       =   ----    ----
   BIT SIZE         =   ----    ----
END OF MODULE INFORMATION.


C51 COMPILATION COMPLETE.  0 WARNING(S),  0 ERROR(S)
