C51 COMPILER V9.54   MAIN                                                                  11/02/2022 21:23:39 PAGE 1   


C51 COMPILER V9.54, COMPILATION OF MODULE MAIN
OBJECT MODULE PLACED IN .\Objects\main.obj
COMPILER INVOKED BY: E:\Keil\C51\BIN\C51.EXE main.c OPTIMIZE(8,SPEED) BROWSE DEBUG OBJECTEXTEND PRINT(.\Listings\main.ls
                    -t) OBJECT(.\Objects\main.obj)

line level    source

   1          #include <REGX52.H>
   2          #include "Delay.h"
   3          #include "Timer0.h"
   4          
   5          sbit Buzzer=P2^5;
   6          
   7          void main()
   8          {
   9   1              Timer0Init();
  10   1              
  11   1              while(1)
  12   1              {
  13   2                      
  14   2              }
  15   1      }
  16          
  17          void Timer0_Routine()   interrupt 1
  18          {
  19   1      
  20   1              TL0 = 0x66;             //设置定时初始值
  21   1              TH0 = 0xFC;             //设置定时初始值
  22   1      
  23   1              Buzzer=!Buzzer;
  24   1      }


MODULE INFORMATION:   STATIC OVERLAYABLE
   CODE SIZE        =     14    ----
   CONSTANT SIZE    =   ----    ----
   XDATA SIZE       =   ----    ----
   PDATA SIZE       =   ----    ----
   DATA SIZE        =   ----    ----
   IDATA SIZE       =   ----    ----
   BIT SIZE         =   ----    ----
END OF MODULE INFORMATION.


C51 COMPILATION COMPLETE.  0 WARNING(S),  0 ERROR(S)
